IMLib/build/outputs/logs/manifest-merger-debug-report.txt
-- Merging decision tree log ---
manifest
ADDED from TaiGoNew\IMLib\AndroidManifest.xml:1:1-87:12
INJECTED from TaiGoNew\IMLib\AndroidManifest.xml:1:1-87:12
INJECTED from TaiGoNew\IMLib\AndroidManifest.xml:1:1-87:12
INJECTED from TaiGoNew\IMLib\AndroidManifest.xml:1:1-87:12
INJECTED from TaiGoNew\IMLib\AndroidManifest.xml:1:1-87:12
INJECTED from TaiGoNew\IMLib\AndroidManifest.xml:1:1-87:12
INJECTED from TaiGoNew\IMLib\AndroidManifest.xml:1:1-87:12
	package
		ADDED from TaiGoNew\IMLib\AndroidManifest.xml:2:5-28
		INJECTED from TaiGoNew\IMLib\AndroidManifest.xml
		INJECTED from TaiGoNew\IMLib\AndroidManifest.xml
	android:versionName
		INJECTED from TaiGoNew\IMLib\AndroidManifest.xml
		ADDED from TaiGoNew\IMLib\AndroidManifest.xml:1:1-87:12
		INJECTED from TaiGoNew\IMLib\AndroidManifest.xml
	android:versionCode
		INJECTED from TaiGoNew\IMLib\AndroidManifest.xml
		ADDED from TaiGoNew\IMLib\AndroidManifest.xml:1:1-87:12
		INJECTED from TaiGoNew\IMLib\AndroidManifest.xml
	xmlns:android
		ADDED from TaiGoNew\IMLib\AndroidManifest.xml:1:11-69
uses-sdk
ADDED from TaiGoNew\IMLib\AndroidManifest.xml:4:5-6:41
INJECTED from TaiGoNew\IMLib\AndroidManifest.xml:4:5-6:41
INJECTED from TaiGoNew\IMLib\AndroidManifest.xml:4:5-6:41
INJECTED from TaiGoNew\IMLib\AndroidManifest.xml:4:5-6:41
INJECTED from TaiGoNew\IMLib\AndroidManifest.xml:4:5-6:41
	android:targetSdkVersion
		ADDED from TaiGoNew\IMLib\AndroidManifest.xml:6:9-38
		INJECTED from TaiGoNew\IMLib\AndroidManifest.xml
		INJECTED from TaiGoNew\IMLib\AndroidManifest.xml
	android:minSdkVersion
		ADDED from TaiGoNew\IMLib\AndroidManifest.xml:5:9-34
		INJECTED from TaiGoNew\IMLib\AndroidManifest.xml
		INJECTED from TaiGoNew\IMLib\AndroidManifest.xml
uses-permission#android.permission.WRITE_EXTERNAL_STORAGE
ADDED from TaiGoNew\IMLib\AndroidManifest.xml:8:5-81
	android:name
		ADDED from TaiGoNew\IMLib\AndroidManifest.xml:8:22-78
uses-permission#android.permission.INTERNET
ADDED from TaiGoNew\IMLib\AndroidManifest.xml:9:5-67
	android:name
		ADDED from TaiGoNew\IMLib\AndroidManifest.xml:9:22-64
uses-permission#android.permission.ACCESS_NETWORK_STATE
ADDED from TaiGoNew\IMLib\AndroidManifest.xml:10:5-79
	android:name
		ADDED from TaiGoNew\IMLib\AndroidManifest.xml:10:22-76
uses-permission#android.permission.ACCESS_WIFI_STATE
ADDED from TaiGoNew\IMLib\AndroidManifest.xml:11:5-76
	android:name
		ADDED from TaiGoNew\IMLib\AndroidManifest.xml:11:22-73
uses-permission#android.permission.READ_PHONE_STATE
ADDED from TaiGoNew\IMLib\AndroidManifest.xml:12:5-75
	android:name
		ADDED from TaiGoNew\IMLib\AndroidManifest.xml:12:22-72
uses-permission#android.permission.GET_TASKS
ADDED from TaiGoNew\IMLib\AndroidManifest.xml:14:5-68
	android:name
		ADDED from TaiGoNew\IMLib\AndroidManifest.xml:14:22-65
uses-permission#android.permission.WAKE_LOCK
ADDED from TaiGoNew\IMLib\AndroidManifest.xml:15:5-68
	android:name
		ADDED from TaiGoNew\IMLib\AndroidManifest.xml:15:22-65
uses-permission#android.permission.MODIFY_AUDIO_SETTINGS
ADDED from TaiGoNew\IMLib\AndroidManifest.xml:16:5-80
	android:name
		ADDED from TaiGoNew\IMLib\AndroidManifest.xml:16:22-77
uses-permission#android.permission.VIBRATE
ADDED from TaiGoNew\IMLib\AndroidManifest.xml:17:5-66
	android:name
		ADDED from TaiGoNew\IMLib\AndroidManifest.xml:17:22-63
uses-permission#android.permission.ACCESS_FINE_LOCATION
ADDED from TaiGoNew\IMLib\AndroidManifest.xml:18:5-79
	android:name
		ADDED from TaiGoNew\IMLib\AndroidManifest.xml:18:22-76
uses-permission#android.permission.RECEIVE_BOOT_COMPLETED
ADDED from TaiGoNew\IMLib\AndroidManifest.xml:19:5-81
	android:name
		ADDED from TaiGoNew\IMLib\AndroidManifest.xml:19:22-78
application
ADDED from TaiGoNew\IMLib\AndroidManifest.xml:21:5-85:19
service#io.rong.imlib.ipc.RongService
ADDED from TaiGoNew\IMLib\AndroidManifest.xml:22:9-25:38
	android:process
		ADDED from TaiGoNew\IMLib\AndroidManifest.xml:25:13-35
	android:exported
		ADDED from TaiGoNew\IMLib\AndroidManifest.xml:24:13-36
	android:name
		ADDED from TaiGoNew\IMLib\AndroidManifest.xml:23:13-57
service#io.rong.imlib.ReConnectService
ADDED from TaiGoNew\IMLib\AndroidManifest.xml:27:9-28:38
	android:exported
		ADDED from TaiGoNew\IMLib\AndroidManifest.xml:28:13-36
	android:name
		ADDED from TaiGoNew\IMLib\AndroidManifest.xml:27:18-63
receiver#io.rong.imlib.ConnectChangeReceiver
ADDED from TaiGoNew\IMLib\AndroidManifest.xml:30:9-31:38
	android:exported
		ADDED from TaiGoNew\IMLib\AndroidManifest.xml:31:13-36
	android:name
		ADDED from TaiGoNew\IMLib\AndroidManifest.xml:30:19-69
receiver#io.rong.imlib.HeartbeatReceiver
ADDED from TaiGoNew\IMLib\AndroidManifest.xml:33:9-35:38
	android:process
		ADDED from TaiGoNew\IMLib\AndroidManifest.xml:35:13-35
	android:name
		ADDED from TaiGoNew\IMLib\AndroidManifest.xml:34:13-59
service#io.rong.push.core.PushRegistrationService
ADDED from TaiGoNew\IMLib\AndroidManifest.xml:41:9-44:19
	android:exported
		ADDED from TaiGoNew\IMLib\AndroidManifest.xml:43:13-37
	android:name
		ADDED from TaiGoNew\IMLib\AndroidManifest.xml:42:13-69
service#io.rong.push.core.MessageHandleService
ADDED from TaiGoNew\IMLib\AndroidManifest.xml:47:9-50:19
	android:exported
		ADDED from TaiGoNew\IMLib\AndroidManifest.xml:49:13-36
	android:name
		ADDED from TaiGoNew\IMLib\AndroidManifest.xml:48:13-66
service#io.rong.push.PushService
ADDED from TaiGoNew\IMLib\AndroidManifest.xml:53:9-57:19
	android:process
		ADDED from TaiGoNew\IMLib\AndroidManifest.xml:56:13-43
	android:exported
		ADDED from TaiGoNew\IMLib\AndroidManifest.xml:55:13-36
	android:name
		ADDED from TaiGoNew\IMLib\AndroidManifest.xml:54:13-52
receiver#io.rong.push.PushReceiver
ADDED from TaiGoNew\IMLib\AndroidManifest.xml:60:9-80:20
	android:process
		ADDED from TaiGoNew\IMLib\AndroidManifest.xml:62:13-43
	android:name
		ADDED from TaiGoNew\IMLib\AndroidManifest.xml:61:13-53
intent-filter#io.rong.push.intent.action.HEART_BEAT
ADDED from TaiGoNew\IMLib\AndroidManifest.xml:64:13-66:29
action#io.rong.push.intent.action.HEART_BEAT
ADDED from TaiGoNew\IMLib\AndroidManifest.xml:65:17-80
	android:name
		ADDED from TaiGoNew\IMLib\AndroidManifest.xml:65:25-77
intent-filter#android.net.conn.CONNECTIVITY_CHANGE
ADDED from TaiGoNew\IMLib\AndroidManifest.xml:68:13-70:29
action#android.net.conn.CONNECTIVITY_CHANGE
ADDED from TaiGoNew\IMLib\AndroidManifest.xml:69:17-79
	android:name
		ADDED from TaiGoNew\IMLib\AndroidManifest.xml:69:25-76
intent-filter#android.intent.action.BOOT_COMPLETED
ADDED from TaiGoNew\IMLib\AndroidManifest.xml:72:13-74:29
action#android.intent.action.BOOT_COMPLETED
ADDED from TaiGoNew\IMLib\AndroidManifest.xml:73:17-79
	android:name
		ADDED from TaiGoNew\IMLib\AndroidManifest.xml:73:25-76
intent-filter#android.intent.action.ACTION_POWER_CONNECTED+android.intent.action.ACTION_POWER_DISCONNECTED+android.intent.action.USER_PRESENT
ADDED from TaiGoNew\IMLib\AndroidManifest.xml:75:13-79:29
action#android.intent.action.USER_PRESENT
ADDED from TaiGoNew\IMLib\AndroidManifest.xml:76:17-77
	android:name
		ADDED from TaiGoNew\IMLib\AndroidManifest.xml:76:25-74
action#android.intent.action.ACTION_POWER_CONNECTED
ADDED from TaiGoNew\IMLib\AndroidManifest.xml:77:17-87
	android:name
		ADDED from TaiGoNew\IMLib\AndroidManifest.xml:77:25-84
action#android.intent.action.ACTION_POWER_DISCONNECTED
ADDED from TaiGoNew\IMLib\AndroidManifest.xml:78:17-90
	android:name
		ADDED from TaiGoNew\IMLib\AndroidManifest.xml:78:25-87